{"name": "test_delete_serial_number_filter[QM408-QM40849291]", "status": "broken", "statusDetails": {"message": "selenium.common.exceptions.NoSuchWindowException: Message: no such window: target window already closed\nfrom unknown error: web view not found\n  (Session info: chrome=143.0.7499.170)\nStacktrace:\nSymbols not available. Dumping unresolved backtrace:\n\t0x7ff6aebf88e5\n\t0x7ff6aebf8940\n\t0x7ff6ae9d165d\n\t0x7ff6ae9a91b1\n\t0x7ff6aea597e6\n\t0x7ff6aea7a5c2\n\t0x7ff6aea1ac29\n\t0x7ff6aea1ba93\n\t0x7ff6aef10640\n\t0x7ff6aef0af80\n\t0x7ff6aef296e6\n\t0x7ff6aec15de4\n\t0x7ff6aec1ed8c\n\t0x7ff6aec02004\n\t0x7ff6aec021b5\n\t0x7ff6aebe7ee2\n\t0x7ffb0945e8d7\n\t0x7ffb0a9ac53c", "trace": "pages\\login_page.py:39: in enter_username\n    self.find((By.ID, LG.username))\npages\\base_page.py:23: in find\n    return WebDriverWait(self.driver, 60).until(ec.presence_of_element_located(locator))\nC:\\Users\\AnkushGurudath\\AppData\\Local\\Programs\\Python\\Python312\\Lib\\site-packages\\selenium\\webdriver\\support\\wait.py:129: in until\n    value = method(self._driver)\nC:\\Users\\AnkushGurudath\\AppData\\Local\\Programs\\Python\\Python312\\Lib\\site-packages\\selenium\\webdriver\\support\\expected_conditions.py:104: in _predicate\n    return driver.find_element(*locator)\nC:\\Users\\AnkushGurudath\\AppData\\Local\\Programs\\Python\\Python312\\Lib\\site-packages\\selenium\\webdriver\\remote\\webdriver.py:926: in find_element\n    return self.execute(Command.FIND_ELEMENT, {\"using\": by, \"value\": value})[\"value\"]\nC:\\Users\\AnkushGurudath\\AppData\\Local\\Programs\\Python\\Python312\\Lib\\site-packages\\selenium\\webdriver\\remote\\webdriver.py:458: in execute\n    self.error_handler.check_response(response)\nC:\\Users\\AnkushGurudath\\AppData\\Local\\Programs\\Python\\Python312\\Lib\\site-packages\\selenium\\webdriver\\remote\\errorhandler.py:232: in check_response\n    raise exception_class(message, screen, stacktrace)\nE   selenium.common.exceptions.NoSuchWindowException: Message: no such window: target window already closed\nE   from unknown error: web view not found\nE     (Session info: chrome=143.0.7499.170)\nE   Stacktrace:\nE   Symbols not available. Dumping unresolved backtrace:\nE   \t0x7ff6aebf88e5\nE   \t0x7ff6aebf8940\nE   \t0x7ff6ae9d165d\nE   \t0x7ff6ae9a91b1\nE   \t0x7ff6aea597e6\nE   \t0x7ff6aea7a5c2\nE   \t0x7ff6aea1ac29\nE   \t0x7ff6aea1ba93\nE   \t0x7ff6aef10640\nE   \t0x7ff6aef0af80\nE   \t0x7ff6aef296e6\nE   \t0x7ff6aec15de4\nE   \t0x7ff6aec1ed8c\nE   \t0x7ff6aec02004\nE   \t0x7ff6aec021b5\nE   \t0x7ff6aebe7ee2\nE   \t0x7ffb0945e8d7\nE   \t0x7ffb0a9ac53c\n\nDuring handling of the above exception, another exception occurred:\nconftest.py:13: in driver\n    login_page.login(VideoSearchDataProd.login_username, VideoSearchDataProd.login_password)\npages\\login_page.py:20: in login\n    self.enter_username(username)\npages\\login_page.py:47: in enter_username\n    self.type((By.ID, LG.username), username)\npages\\base_page.py:52: in type\n    self.find(locator).send_keys(input_text)\npages\\base_page.py:23: in find\n    return WebDriverWait(self.driver, 60).until(ec.presence_of_element_located(locator))\nC:\\Users\\AnkushGurudath\\AppData\\Local\\Programs\\Python\\Python312\\Lib\\site-packages\\selenium\\webdriver\\support\\wait.py:129: in until\n    value = method(self._driver)\nC:\\Users\\AnkushGurudath\\AppData\\Local\\Programs\\Python\\Python312\\Lib\\site-packages\\selenium\\webdriver\\support\\expected_conditions.py:104: in _predicate\n    return driver.find_element(*locator)\nC:\\Users\\AnkushGurudath\\AppData\\Local\\Programs\\Python\\Python312\\Lib\\site-packages\\selenium\\webdriver\\remote\\webdriver.py:926: in find_element\n    return self.execute(Command.FIND_ELEMENT, {\"using\": by, \"value\": value})[\"value\"]\nC:\\Users\\AnkushGurudath\\AppData\\Local\\Programs\\Python\\Python312\\Lib\\site-packages\\selenium\\webdriver\\remote\\webdriver.py:458: in execute\n    self.error_handler.check_response(response)\nC:\\Users\\AnkushGurudath\\AppData\\Local\\Programs\\Python\\Python312\\Lib\\site-packages\\selenium\\webdriver\\remote\\errorhandler.py:232: in check_response\n    raise exception_class(message, screen, stacktrace)\nE   selenium.common.exceptions.NoSuchWindowException: Message: no such window: target window already closed\nE   from unknown error: web view not found\nE     (Session info: chrome=143.0.7499.170)\nE   Stacktrace:\nE   Symbols not available. Dumping unresolved backtrace:\nE   \t0x7ff6aebf88e5\nE   \t0x7ff6aebf8940\nE   \t0x7ff6ae9d165d\nE   \t0x7ff6ae9a91b1\nE   \t0x7ff6aea597e6\nE   \t0x7ff6aea7a5c2\nE   \t0x7ff6aea1ac29\nE   \t0x7ff6aea1ba93\nE   \t0x7ff6aef10640\nE   \t0x7ff6aef0af80\nE   \t0x7ff6aef296e6\nE   \t0x7ff6aec15de4\nE   \t0x7ff6aec1ed8c\nE   \t0x7ff6aec02004\nE   \t0x7ff6aec021b5\nE   \t0x7ff6aebe7ee2\nE   \t0x7ffb0945e8d7\nE   \t0x7ffb0a9ac53c"}, "description": "\n        @P2\n        Scenario: Delete the Search by Serial Number filter\n        Given \"Video Reviewer Plus\" user is in VIDEO SEARCH\n        And the serial number is in search by Serial Number filter\n        And all the vehicles attached ER with the serial number characters are filtered out\n        When the user clicks \"X\" button in the filter\n        Then the Serial Number filter is cleared\n        And the vehicle list is reset\n        And the vehicle count number is updated\n        ", "parameters": [{"name": "serial_number", "value": "'QM408'"}, {"name": "expected_match", "value": "'QM40849291'"}], "start": 1767457546250, "stop": 1767457546250, "uuid": "fdcbd3ed-8eaf-4ffa-89df-1571fa7c7757", "historyId": "df97dac7cad6ec4ee060ce71087f798c", "testCaseId": "29091453c1fa3708c11a1f97ed213cb0", "fullName": "tests.test_LQ_15231.TestFilterClearing#test_delete_serial_number_filter", "labels": [{"name": "parentSuite", "value": "tests"}, {"name": "suite", "value": "test_LQ_15231"}, {"name": "subSuite", "value": "TestFilterClearing"}, {"name": "host", "value": "GANKUSH-P14S"}, {"name": "thread", "value": "38420-MainThread"}, {"name": "framework", "value": "pytest"}, {"name": "language", "value": "cpython3"}, {"name": "package", "value": "tests.test_LQ_15231"}], "titlePath": ["tests", "test_LQ_15231.py", "TestFilterClearing"]}