{"name": "Verify snapshot images display", "status": "failed", "statusDetails": {"message": "AssertionError: Failed to browse vehicle at index 2\nassert None is not None", "trace": "self = <test_browse_page.TestBrowsePage object at 0x0000015811D93170>, driver = <selenium.webdriver.chrome.webdriver.WebDriver (session=\"100d875f28304c7f907217e80919d36a\")>\n\n    @allure.title(\"Verify snapshot images display\")\n    @allure.description(\"Test to verify that snapshot images are displayed for a vehicle\")\n    @allure.severity(allure.severity_level.CRITICAL)\n    @pytest.mark.order(4)\n    def test_verify_snapshot_images(self, driver):\n        \"\"\"\n        Given user is on the vehicle browse page\n        When user browses a specific vehicle (index 2)\n        Then snapshot images should be displayed\n        And images should be visible\n        \"\"\"\n        with allure.step(\"Initialize Browse Page\"):\n            browse_page = BrowsePage(driver)\n    \n        with allure.step(\"Wait for page to load\"):\n            browse_page.wait_for_page_load()\n    \n        with allure.step(\"Browse vehicle at index 2\"):\n            vehicle_name = browse_page.browse_vehicle_by_index(2)\n            allure.attach(str(vehicle_name), name=\"Vehicle Name\", attachment_type=allure.attachment_type.TEXT)\n>           assert vehicle_name is not None, \"Failed to browse vehicle at index 2\"\nE           AssertionError: Failed to browse vehicle at index 2\nE           assert None is not None\n\ntests\\test_browse_page.py:100: AssertionError"}, "description": "Test to verify that snapshot images are displayed for a vehicle", "steps": [{"name": "Initialize Browse Page", "status": "passed", "start": 1764865033777, "stop": 1764865033777}, {"name": "Wait for page to load", "status": "passed", "start": 1764865033777, "stop": 1764865058901}, {"name": "Browse vehicle at index 2", "status": "failed", "statusDetails": {"message": "AssertionError: Failed to browse vehicle at index 2\nassert None is not None\n", "trace": "  File \"C:\\Users\\AnkushGurudath\\Downloads\\Video_Search_Automation\\tests\\test_browse_page.py\", line 100, in test_verify_snapshot_images\n    assert vehicle_name is not None, \"Failed to browse vehicle at index 2\"\n"}, "attachments": [{"name": "Vehicle Name", "source": "2ab4b398-f88f-463f-8db1-cc565ddd18c4-attachment.txt", "type": "text/plain"}], "start": 1764865058901, "stop": 1764865068967}], "attachments": [{"name": "stdout", "source": "7d572390-7ce7-476b-8513-6cb46da6ea36-attachment.txt", "type": "text/plain"}], "start": 1764865033777, "stop": 1764865068967, "uuid": "991241d0-66e5-45dc-90cd-55a82aa083b0", "historyId": "e191febfb6a7f48d10c2484ed92f3bf7", "testCaseId": "e191febfb6a7f48d10c2484ed92f3bf7", "fullName": "tests.test_browse_page.TestBrowsePage#test_verify_snapshot_images", "labels": [{"name": "story", "value": "Browse Page Functionality"}, {"name": "severity", "value": "critical"}, {"name": "feature", "value": "Vehicle Browse"}, {"name": "parentSuite", "value": "tests"}, {"name": "suite", "value": "test_browse_page"}, {"name": "subSuite", "value": "TestBrowsePage"}, {"name": "host", "value": "GANKUSH-P14S"}, {"name": "thread", "value": "2892-MainThread"}, {"name": "framework", "value": "pytest"}, {"name": "language", "value": "cpython3"}, {"name": "package", "value": "tests.test_browse_page"}], "titlePath": ["tests", "test_browse_page.py", "TestBrowsePage"]}