{"name": "Complete browse workflow", "status": "broken", "statusDetails": {"message": "selenium.common.exceptions.TimeoutException: Message: \nStacktrace:\nSymbols not available. Dumping unresolved backtrace:\n\t0x7ff6013088d5\n\t0x7ff601308930\n\t0x7ff6010e165d\n\t0x7ff601139a33\n\t0x7ff601139d3c\n\t0x7ff60118df67\n\t0x7ff60118ac97\n\t0x7ff60112ac29\n\t0x7ff60112ba93\n\t0x7ff601620620\n\t0x7ff60161af60\n\t0x7ff6016396c6\n\t0x7ff601325dd4\n\t0x7ff60132ed7c\n\t0x7ff601311ff4\n\t0x7ff6013121a5\n\t0x7ff6012f7ed2\n\t0x7ffd7983e8d7\n\t0x7ffd7b84c53c", "trace": "tests\\test_browse_page.py:134: in test_complete_browse_workflow\n    vehicle_count = browse_page.get_vehicle_count_text()\npages\\browse_page.py:38: in get_vehicle_count_text\n    vehicle_count_element = self.find(self.VEHICLE_COUNT)\npages\\base_page.py:23: in find\n    return WebDriverWait(self.driver, 60).until(ec.presence_of_element_located(locator))\nC:\\Users\\AnkushGurudath\\AppData\\Local\\Programs\\Python\\Python312\\Lib\\site-packages\\selenium\\webdriver\\support\\wait.py:138: in until\n    raise TimeoutException(message, screen, stacktrace)\nE   selenium.common.exceptions.TimeoutException: Message: \nE   Stacktrace:\nE   Symbols not available. Dumping unresolved backtrace:\nE   \t0x7ff6013088d5\nE   \t0x7ff601308930\nE   \t0x7ff6010e165d\nE   \t0x7ff601139a33\nE   \t0x7ff601139d3c\nE   \t0x7ff60118df67\nE   \t0x7ff60118ac97\nE   \t0x7ff60112ac29\nE   \t0x7ff60112ba93\nE   \t0x7ff601620620\nE   \t0x7ff60161af60\nE   \t0x7ff6016396c6\nE   \t0x7ff601325dd4\nE   \t0x7ff60132ed7c\nE   \t0x7ff601311ff4\nE   \t0x7ff6013121a5\nE   \t0x7ff6012f7ed2\nE   \t0x7ffd7983e8d7\nE   \t0x7ffd7b84c53c"}, "description": "End-to-end test covering complete browse page workflow", "steps": [{"name": "Step 1: Wait for page load and verify vehicle count", "status": "broken", "statusDetails": {"message": "selenium.common.exceptions.TimeoutException: Message: \nStacktrace:\nSymbols not available. Dumping unresolved backtrace:\n\t0x7ff6013088d5\n\t0x7ff601308930\n\t0x7ff6010e165d\n\t0x7ff601139a33\n\t0x7ff601139d3c\n\t0x7ff60118df67\n\t0x7ff60118ac97\n\t0x7ff60112ac29\n\t0x7ff60112ba93\n\t0x7ff601620620\n\t0x7ff60161af60\n\t0x7ff6016396c6\n\t0x7ff601325dd4\n\t0x7ff60132ed7c\n\t0x7ff601311ff4\n\t0x7ff6013121a5\n\t0x7ff6012f7ed2\n\t0x7ffd7983e8d7\n\t0x7ffd7b84c53c\n\n", "trace": "  File \"C:\\Work\\Automation\\VS_automation\\Video_Search_Automation\\tests\\test_browse_page.py\", line 134, in test_complete_browse_workflow\n    vehicle_count = browse_page.get_vehicle_count_text()\n                    ^^^^^^^^^^^^^^^^^^^^^^^^^^^^^^^^^^^^\n  File \"C:\\Work\\Automation\\VS_automation\\Video_Search_Automation\\pages\\browse_page.py\", line 38, in get_vehicle_count_text\n    vehicle_count_element = self.find(self.VEHICLE_COUNT)\n                            ^^^^^^^^^^^^^^^^^^^^^^^^^^^^^\n  File \"C:\\Work\\Automation\\VS_automation\\Video_Search_Automation\\pages\\base_page.py\", line 23, in find\n    return WebDriverWait(self.driver, 60).until(ec.presence_of_element_located(locator))\n           ^^^^^^^^^^^^^^^^^^^^^^^^^^^^^^^^^^^^^^^^^^^^^^^^^^^^^^^^^^^^^^^^^^^^^^^^^^^^^\n  File \"C:\\Users\\AnkushGurudath\\AppData\\Local\\Programs\\Python\\Python312\\Lib\\site-packages\\selenium\\webdriver\\support\\wait.py\", line 138, in until\n    raise TimeoutException(message, screen, stacktrace)\n"}, "start": 1767863986229, "stop": 1767864084218}], "attachments": [{"name": "log", "source": "9b1a3f30-3575-4250-b681-1af374b157f6-attachment.txt", "type": "text/plain"}, {"name": "stdout", "source": "e547e11d-67d9-4522-8889-b2932ab4fd87-attachment.txt", "type": "text/plain"}, {"name": "stderr", "source": "f949e3d0-5078-468f-b8a5-f42d18e15ebb-attachment.txt", "type": "text/plain"}], "start": 1767863986229, "stop": 1767864084218, "uuid": "0108a476-2ad4-4fff-978c-98813a9de7b0", "historyId": "a86811dc7575ed8f2718658b52c02787", "testCaseId": "a86811dc7575ed8f2718658b52c02787", "fullName": "tests.test_browse_page.TestBrowsePage#test_complete_browse_workflow", "labels": [{"name": "severity", "value": "critical"}, {"name": "story", "value": "Browse Page Functionality"}, {"name": "feature", "value": "Vehicle Browse"}, {"name": "parentSuite", "value": "tests"}, {"name": "suite", "value": "test_browse_page"}, {"name": "subSuite", "value": "TestBrowsePage"}, {"name": "host", "value": "GANKUSH-P14S"}, {"name": "thread", "value": "22780-MainThread"}, {"name": "framework", "value": "pytest"}, {"name": "language", "value": "cpython3"}, {"name": "package", "value": "tests.test_browse_page"}], "titlePath": ["tests", "test_browse_page.py", "TestBrowsePage"]}