{"name": "Verify map display", "status": "failed", "statusDetails": {"message": "AssertionError: Failed to browse vehicle\nassert None is not None", "trace": "self = <test_browse_page.TestBrowsePage object at 0x0000015811D93380>, driver = <selenium.webdriver.chrome.webdriver.WebDriver (session=\"100d875f28304c7f907217e80919d36a\")>\n\n    @allure.title(\"Verify map display\")\n    @allure.description(\"Test to verify that map is displayed for a vehicle\")\n    @allure.severity(allure.severity_level.NORMAL)\n    @pytest.mark.order(5)\n    def test_verify_map_display(self, driver):\n        \"\"\"\n        Given user is on the vehicle detail page\n        When the page loads\n        Then map should be displayed\n        \"\"\"\n        with allure.step(\"Initialize Browse Page\"):\n            browse_page = BrowsePage(driver)\n    \n        with allure.step(\"Wait for page to load\"):\n            browse_page.wait_for_page_load()\n    \n        with allure.step(\"Browse vehicle at index 2\"):\n            vehicle_name = browse_page.browse_vehicle_by_index(2)\n>           assert vehicle_name is not None, \"Failed to browse vehicle\"\nE           AssertionError: Failed to browse vehicle\nE           assert None is not None\n\ntests\\test_browse_page.py:130: AssertionError"}, "description": "Test to verify that map is displayed for a vehicle", "steps": [{"name": "Initialize Browse Page", "status": "passed", "start": 1764865068984, "stop": 1764865068984}, {"name": "Wait for page to load", "status": "passed", "start": 1764865068984, "stop": 1764865094125}, {"name": "Browse vehicle at index 2", "status": "failed", "statusDetails": {"message": "AssertionError: Failed to browse vehicle\nassert None is not None\n", "trace": "  File \"C:\\Users\\AnkushGurudath\\Downloads\\Video_Search_Automation\\tests\\test_browse_page.py\", line 130, in test_verify_map_display\n    assert vehicle_name is not None, \"Failed to browse vehicle\"\n"}, "start": 1764865094125, "stop": 1764865104165}], "attachments": [{"name": "stdout", "source": "b5395f63-eb78-4189-9058-ec7c5efd8cf5-attachment.txt", "type": "text/plain"}], "start": 1764865068984, "stop": 1764865104165, "uuid": "4fbe408d-ecaf-4636-99df-873b0066e60c", "historyId": "ed977fa707b97c57f895ee0597073ce3", "testCaseId": "ed977fa707b97c57f895ee0597073ce3", "fullName": "tests.test_browse_page.TestBrowsePage#test_verify_map_display", "labels": [{"name": "story", "value": "Browse Page Functionality"}, {"name": "feature", "value": "Vehicle Browse"}, {"name": "severity", "value": "normal"}, {"name": "parentSuite", "value": "tests"}, {"name": "suite", "value": "test_browse_page"}, {"name": "subSuite", "value": "TestBrowsePage"}, {"name": "host", "value": "GANKUSH-P14S"}, {"name": "thread", "value": "2892-MainThread"}, {"name": "framework", "value": "pytest"}, {"name": "language", "value": "cpython3"}, {"name": "package", "value": "tests.test_browse_page"}], "titlePath": ["tests", "test_browse_page.py", "TestBrowsePage"]}