{"name": "Verify map display", "status": "failed", "statusDetails": {"message": "AssertionError: Failed to browse vehicle\nassert None is not None", "trace": "self = <test_browse_page.TestBrowsePage object at 0x0000023431EDD4C0>, driver = <selenium.webdriver.chrome.webdriver.WebDriver (session=\"81c37df933e3cc8f13d0447da7eec37a\")>\n\n    @allure.title(\"Verify map display\")\n    @allure.description(\"Test to verify that map is displayed for a vehicle\")\n    @allure.severity(allure.severity_level.NORMAL)\n    @pytest.mark.order(5)\n    def test_verify_map_display(self, driver):\n        \"\"\"\n        Given user is on the vehicle detail page\n        When the page loads\n        Then map should be displayed\n        \"\"\"\n        with allure.step(\"Initialize Browse Page\"):\n            browse_page = BrowsePage(driver)\n    \n        with allure.step(\"Wait for page to load\"):\n            browse_page.wait_for_page_load()\n    \n        with allure.step(\"Browse vehicle at index 2\"):\n            vehicle_name = browse_page.browse_vehicle_by_index(2)\n>           assert vehicle_name is not None, \"Failed to browse vehicle\"\nE           AssertionError: Failed to browse vehicle\nE           assert None is not None\n\ntests\\test_browse_page.py:130: AssertionError"}, "description": "Test to verify that map is displayed for a vehicle", "steps": [{"name": "Initialize Browse Page", "status": "passed", "start": 1764865531174, "stop": 1764865531174}, {"name": "Wait for page to load", "status": "passed", "start": 1764865531174, "stop": 1764865556256}, {"name": "Browse vehicle at index 2", "status": "failed", "statusDetails": {"message": "AssertionError: Failed to browse vehicle\nassert None is not None\n", "trace": "  File \"C:\\Users\\AnkushGurudath\\Downloads\\Video_Search_Automation\\tests\\test_browse_page.py\", line 130, in test_verify_map_display\n    assert vehicle_name is not None, \"Failed to browse vehicle\"\n"}, "start": 1764865556256, "stop": 1764865566301}], "attachments": [{"name": "stdout", "source": "5e1ef288-7cdf-4713-a242-9b12afd3b1ea-attachment.txt", "type": "text/plain"}], "start": 1764865531173, "stop": 1764865566313, "uuid": "51bb1b54-09f0-4f48-8f62-4c566a38558f", "historyId": "ed977fa707b97c57f895ee0597073ce3", "testCaseId": "ed977fa707b97c57f895ee0597073ce3", "fullName": "tests.test_browse_page.TestBrowsePage#test_verify_map_display", "labels": [{"name": "story", "value": "Browse Page Functionality"}, {"name": "severity", "value": "normal"}, {"name": "feature", "value": "Vehicle Browse"}, {"name": "parentSuite", "value": "tests"}, {"name": "suite", "value": "test_browse_page"}, {"name": "subSuite", "value": "TestBrowsePage"}, {"name": "host", "value": "GANKUSH-P14S"}, {"name": "thread", "value": "15436-MainThread"}, {"name": "framework", "value": "pytest"}, {"name": "language", "value": "cpython3"}, {"name": "package", "value": "tests.test_browse_page"}], "titlePath": ["tests", "test_browse_page.py", "TestBrowsePage"]}