{"name": "Complete browse workflow", "status": "broken", "statusDetails": {"message": "selenium.common.exceptions.TimeoutException: Message: \nStacktrace:\nSymbols not available. Dumping unresolved backtrace:\n\t0x7ff7ada4a235\n\t0x7ff7ad7a2630\n\t0x7ff7ad5316dd\n\t0x7ff7ad58a27e\n\t0x7ff7ad58a58c\n\t0x7ff7ad5ded77\n\t0x7ff7ad5dbaba\n\t0x7ff7ad57b0ed\n\t0x7ff7ad57bf63\n\t0x7ff7ada75d60\n\t0x7ff7ada6fe8a\n\t0x7ff7ada91005\n\t0x7ff7ad7bd71e\n\t0x7ff7ad7c4e1f\n\t0x7ff7ad7ab7c4\n\t0x7ff7ad7ab97f\n\t0x7ff7ad7918e8\n\t0x7ffec495e8d7\n\t0x7ffec662c53c", "trace": "self = <test_browse_page.TestBrowsePage object at 0x0000023431EDD700>, driver = <selenium.webdriver.chrome.webdriver.WebDriver (session=\"81c37df933e3cc8f13d0447da7eec37a\")>\n\n    @allure.title(\"Complete browse workflow\")\n    @allure.description(\"End-to-end test covering complete browse page workflow\")\n    @allure.severity(allure.severity_level.CRITICAL)\n    @pytest.mark.order(6)\n    def test_complete_browse_workflow(self, driver):\n        \"\"\"\n        Complete workflow test:\n        1. Load page and verify vehicle count\n        2. Set page size to 100\n        3. Browse a vehicle\n        4. Verify snapshot images\n        5. Verify map display\n        \"\"\"\n        browse_page = BrowsePage(driver)\n    \n        with allure.step(\"Step 1: Wait for page load and verify vehicle count\"):\n            browse_page.wait_for_page_load()\n>           vehicle_count = browse_page.get_vehicle_count_text()\n\ntests\\test_browse_page.py:153: \n_ _ _ _ _ _ _ _ _ _ _ _ _ _ _ _ _ _ _ _ _ _ _ _ _ _ _ _ _ _ _ _ _ _ _ _ _ _ _ _ _ _ _ _ _ _ _ _ _ _ _ _ _ _ _ _ _ _ _ _ _ _ _ _ _ _ _ _ _ _ _ _ _ _ _ _ _ _ _ _ _ _ _ _ _ _ _ _\npages\\browse_page.py:38: in get_vehicle_count_text\n    vehicle_count_element = self.find(self.VEHICLE_COUNT)\npages\\base_page.py:23: in find\n    return WebDriverWait(self.driver, 60).until(ec.presence_of_element_located(locator))\n_ _ _ _ _ _ _ _ _ _ _ _ _ _ _ _ _ _ _ _ _ _ _ _ _ _ _ _ _ _ _ _ _ _ _ _ _ _ _ _ _ _ _ _ _ _ _ _ _ _ _ _ _ _ _ _ _ _ _ _ _ _ _ _ _ _ _ _ _ _ _ _ _ _ _ _ _ _ _ _ _ _ _ _ _ _ _ _\n\nself = <selenium.webdriver.support.wait.WebDriverWait (session=\"81c37df933e3cc8f13d0447da7eec37a\")>\nmethod = <function presence_of_element_located.<locals>._predicate at 0x0000023431EBA480>, message = ''\n\n    def until(self, method: Callable[[D], Union[Literal[False], T]], message: str = \"\") -> T:\n        \"\"\"Wait until the method returns a value that is not False.\n    \n        Calls the method provided with the driver as an argument until the\n        return value does not evaluate to ``False``.\n    \n        Parameters:\n        -----------\n        method: callable(WebDriver)\n            - A callable object that takes a WebDriver instance as an argument.\n    \n        message: str\n            - Optional message for :exc:`TimeoutException`\n    \n        Return:\n        -------\n        object: T\n            - The result of the last call to `method`\n    \n        Raises:\n        -------\n        TimeoutException\n            - If 'method' does not return a truthy value within the WebDriverWait\n            object's timeout\n    \n        Example:\n        --------\n        >>> from selenium.webdriver.common.by import By\n        >>> from selenium.webdriver.support.ui import WebDriverWait\n        >>> from selenium.webdriver.support import expected_conditions as EC\n    \n        # Wait until an element is visible on the page\n        >>> wait = WebDriverWait(driver, 10)\n        >>> element = wait.until(EC.visibility_of_element_located((By.ID, \"exampleId\")))\n        >>> print(element.text)\n        \"\"\"\n        screen = None\n        stacktrace = None\n    \n        end_time = time.monotonic() + self._timeout\n        while True:\n            try:\n                value = method(self._driver)\n                if value:\n                    return value\n            except self._ignored_exceptions as exc:\n                screen = getattr(exc, \"screen\", None)\n                stacktrace = getattr(exc, \"stacktrace\", None)\n            if time.monotonic() > end_time:\n                break\n            time.sleep(self._poll)\n>       raise TimeoutException(message, screen, stacktrace)\nE       selenium.common.exceptions.TimeoutException: Message: \nE       Stacktrace:\nE       Symbols not available. Dumping unresolved backtrace:\nE       \t0x7ff7ada4a235\nE       \t0x7ff7ad7a2630\nE       \t0x7ff7ad5316dd\nE       \t0x7ff7ad58a27e\nE       \t0x7ff7ad58a58c\nE       \t0x7ff7ad5ded77\nE       \t0x7ff7ad5dbaba\nE       \t0x7ff7ad57b0ed\nE       \t0x7ff7ad57bf63\nE       \t0x7ff7ada75d60\nE       \t0x7ff7ada6fe8a\nE       \t0x7ff7ada91005\nE       \t0x7ff7ad7bd71e\nE       \t0x7ff7ad7c4e1f\nE       \t0x7ff7ad7ab7c4\nE       \t0x7ff7ad7ab97f\nE       \t0x7ff7ad7918e8\nE       \t0x7ffec495e8d7\nE       \t0x7ffec662c53c\n\n..\\..\\AppData\\Local\\Programs\\Python\\Python312\\Lib\\site-packages\\selenium\\webdriver\\support\\wait.py:138: TimeoutException"}, "description": "End-to-end test covering complete browse page workflow", "steps": [{"name": "Step 1: Wait for page load and verify vehicle count", "status": "broken", "statusDetails": {"message": "selenium.common.exceptions.TimeoutException: Message: \nStacktrace:\nSymbols not available. Dumping unresolved backtrace:\n\t0x7ff7ada4a235\n\t0x7ff7ad7a2630\n\t0x7ff7ad5316dd\n\t0x7ff7ad58a27e\n\t0x7ff7ad58a58c\n\t0x7ff7ad5ded77\n\t0x7ff7ad5dbaba\n\t0x7ff7ad57b0ed\n\t0x7ff7ad57bf63\n\t0x7ff7ada75d60\n\t0x7ff7ada6fe8a\n\t0x7ff7ada91005\n\t0x7ff7ad7bd71e\n\t0x7ff7ad7c4e1f\n\t0x7ff7ad7ab7c4\n\t0x7ff7ad7ab97f\n\t0x7ff7ad7918e8\n\t0x7ffec495e8d7\n\t0x7ffec662c53c\n\n", "trace": "  File \"C:\\Users\\AnkushGurudath\\Downloads\\Video_Search_Automation\\tests\\test_browse_page.py\", line 153, in test_complete_browse_workflow\n    vehicle_count = browse_page.get_vehicle_count_text()\n                    ^^^^^^^^^^^^^^^^^^^^^^^^^^^^^^^^^^^^\n  File \"C:\\Users\\AnkushGurudath\\Downloads\\Video_Search_Automation\\pages\\browse_page.py\", line 38, in get_vehicle_count_text\n    vehicle_count_element = self.find(self.VEHICLE_COUNT)\n                            ^^^^^^^^^^^^^^^^^^^^^^^^^^^^^\n  File \"C:\\Users\\AnkushGurudath\\Downloads\\Video_Search_Automation\\pages\\base_page.py\", line 23, in find\n    return WebDriverWait(self.driver, 60).until(ec.presence_of_element_located(locator))\n           ^^^^^^^^^^^^^^^^^^^^^^^^^^^^^^^^^^^^^^^^^^^^^^^^^^^^^^^^^^^^^^^^^^^^^^^^^^^^^\n  File \"C:\\Users\\AnkushGurudath\\AppData\\Local\\Programs\\Python\\Python312\\Lib\\site-packages\\selenium\\webdriver\\support\\wait.py\", line 138, in until\n    raise TimeoutException(message, screen, stacktrace)\n"}, "start": 1764865566567, "stop": 1764865664455}], "attachments": [{"name": "stdout", "source": "3413e3c0-f2be-4291-845f-15024710789d-attachment.txt", "type": "text/plain"}], "start": 1764865566567, "stop": 1764865664457, "uuid": "196eae23-41a6-447d-9704-b37e75a44ad5", "historyId": "a86811dc7575ed8f2718658b52c02787", "testCaseId": "a86811dc7575ed8f2718658b52c02787", "fullName": "tests.test_browse_page.TestBrowsePage#test_complete_browse_workflow", "labels": [{"name": "severity", "value": "critical"}, {"name": "story", "value": "Browse Page Functionality"}, {"name": "feature", "value": "Vehicle Browse"}, {"name": "parentSuite", "value": "tests"}, {"name": "suite", "value": "test_browse_page"}, {"name": "subSuite", "value": "TestBrowsePage"}, {"name": "host", "value": "GANKUSH-P14S"}, {"name": "thread", "value": "15436-MainThread"}, {"name": "framework", "value": "pytest"}, {"name": "language", "value": "cpython3"}, {"name": "package", "value": "tests.test_browse_page"}], "titlePath": ["tests", "test_browse_page.py", "TestBrowsePage"]}