{"uid":"948419b19da6decf","name":"Verify map display","fullName":"tests.test_browse_page.TestBrowsePage#test_verify_map_display","historyId":"ed977fa707b97c57f895ee0597073ce3","time":{"start":1764865068984,"stop":1764865104165,"duration":35181},"description":"Test to verify that map is displayed for a vehicle","descriptionHtml":"<p>Test to verify that map is displayed for a vehicle</p>\n","status":"failed","statusMessage":"AssertionError: Failed to browse vehicle\nassert None is not None","statusTrace":"self = <test_browse_page.TestBrowsePage object at 0x0000015811D93380>, driver = <selenium.webdriver.chrome.webdriver.WebDriver (session=\"100d875f28304c7f907217e80919d36a\")>\n\n    @allure.title(\"Verify map display\")\n    @allure.description(\"Test to verify that map is displayed for a vehicle\")\n    @allure.severity(allure.severity_level.NORMAL)\n    @pytest.mark.order(5)\n    def test_verify_map_display(self, driver):\n        \"\"\"\n        Given user is on the vehicle detail page\n        When the page loads\n        Then map should be displayed\n        \"\"\"\n        with allure.step(\"Initialize Browse Page\"):\n            browse_page = BrowsePage(driver)\n    \n        with allure.step(\"Wait for page to load\"):\n            browse_page.wait_for_page_load()\n    \n        with allure.step(\"Browse vehicle at index 2\"):\n            vehicle_name = browse_page.browse_vehicle_by_index(2)\n>           assert vehicle_name is not None, \"Failed to browse vehicle\"\nE           AssertionError: Failed to browse vehicle\nE           assert None is not None\n\ntests\\test_browse_page.py:130: AssertionError","flaky":false,"newFailed":false,"newBroken":false,"newPassed":false,"retriesCount":0,"retriesStatusChange":false,"beforeStages":[{"name":"sensitive_url","time":{"start":1764864817089,"stop":1764864817089,"duration":0},"status":"passed","steps":[],"attachments":[],"parameters":[],"attachmentsCount":0,"shouldDisplayMessage":false,"attachmentStep":false,"stepsCount":0,"hasContent":false},{"name":"second_fixture","time":{"start":1764865068984,"stop":1764865068984,"duration":0},"status":"passed","steps":[],"attachments":[],"parameters":[],"attachmentsCount":0,"shouldDisplayMessage":false,"attachmentStep":false,"stepsCount":0,"hasContent":false},{"name":"caplog","time":{"start":1764865068984,"stop":1764865068984,"duration":0},"status":"passed","steps":[],"attachments":[],"parameters":[],"attachmentsCount":0,"shouldDisplayMessage":false,"attachmentStep":false,"stepsCount":0,"hasContent":false},{"name":"_skip_sensitive","time":{"start":1764865068984,"stop":1764865068984,"duration":0},"status":"passed","steps":[],"attachments":[],"parameters":[],"attachmentsCount":0,"shouldDisplayMessage":false,"attachmentStep":false,"stepsCount":0,"hasContent":false}],"testStage":{"description":"Test to verify that map is displayed for a vehicle","status":"failed","statusMessage":"AssertionError: Failed to browse vehicle\nassert None is not None","statusTrace":"self = <test_browse_page.TestBrowsePage object at 0x0000015811D93380>, driver = <selenium.webdriver.chrome.webdriver.WebDriver (session=\"100d875f28304c7f907217e80919d36a\")>\n\n    @allure.title(\"Verify map display\")\n    @allure.description(\"Test to verify that map is displayed for a vehicle\")\n    @allure.severity(allure.severity_level.NORMAL)\n    @pytest.mark.order(5)\n    def test_verify_map_display(self, driver):\n        \"\"\"\n        Given user is on the vehicle detail page\n        When the page loads\n        Then map should be displayed\n        \"\"\"\n        with allure.step(\"Initialize Browse Page\"):\n            browse_page = BrowsePage(driver)\n    \n        with allure.step(\"Wait for page to load\"):\n            browse_page.wait_for_page_load()\n    \n        with allure.step(\"Browse vehicle at index 2\"):\n            vehicle_name = browse_page.browse_vehicle_by_index(2)\n>           assert vehicle_name is not None, \"Failed to browse vehicle\"\nE           AssertionError: Failed to browse vehicle\nE           assert None is not None\n\ntests\\test_browse_page.py:130: AssertionError","steps":[{"name":"Initialize Browse Page","time":{"start":1764865068984,"stop":1764865068984,"duration":0},"status":"passed","steps":[],"attachments":[],"parameters":[],"attachmentsCount":0,"shouldDisplayMessage":false,"attachmentStep":false,"stepsCount":0,"hasContent":false},{"name":"Wait for page to load","time":{"start":1764865068984,"stop":1764865094125,"duration":25141},"status":"passed","steps":[],"attachments":[],"parameters":[],"attachmentsCount":0,"shouldDisplayMessage":false,"attachmentStep":false,"stepsCount":0,"hasContent":false},{"name":"Browse vehicle at index 2","time":{"start":1764865094125,"stop":1764865104165,"duration":10040},"status":"failed","statusMessage":"AssertionError: Failed to browse vehicle\nassert None is not None\n","statusTrace":"  File \"C:\\Users\\AnkushGurudath\\Downloads\\Video_Search_Automation\\tests\\test_browse_page.py\", line 130, in test_verify_map_display\n    assert vehicle_name is not None, \"Failed to browse vehicle\"\n","steps":[],"attachments":[],"parameters":[],"attachmentsCount":0,"shouldDisplayMessage":true,"attachmentStep":false,"stepsCount":0,"hasContent":true}],"attachments":[{"uid":"b5914b800b197787","name":"stdout","source":"b5914b800b197787.txt","type":"text/plain","size":89}],"parameters":[],"attachmentsCount":1,"shouldDisplayMessage":true,"attachmentStep":false,"stepsCount":3,"hasContent":true},"afterStages":[{"name":"second_fixture::0","time":{"start":1764865104182,"stop":1764865104182,"duration":0},"status":"passed","steps":[],"attachments":[],"parameters":[],"attachmentsCount":0,"shouldDisplayMessage":false,"attachmentStep":false,"stepsCount":0,"hasContent":false},{"name":"caplog::0","time":{"start":1764865104182,"stop":1764865104182,"duration":0},"status":"passed","steps":[],"attachments":[],"parameters":[],"attachmentsCount":0,"shouldDisplayMessage":false,"attachmentStep":false,"stepsCount":0,"hasContent":false}],"labels":[{"name":"story","value":"Browse Page Functionality"},{"name":"feature","value":"Vehicle Browse"},{"name":"severity","value":"normal"},{"name":"parentSuite","value":"tests"},{"name":"suite","value":"test_browse_page"},{"name":"subSuite","value":"TestBrowsePage"},{"name":"host","value":"GANKUSH-P14S"},{"name":"thread","value":"2892-MainThread"},{"name":"framework","value":"pytest"},{"name":"language","value":"cpython3"},{"name":"package","value":"tests.test_browse_page"},{"name":"resultFormat","value":"allure2"}],"parameters":[],"links":[],"hidden":true,"retry":true,"extra":{"categories":[],"tags":[]},"source":"948419b19da6decf.json","parameterValues":[]}