{"uid":"9fd7fa9ae815e364","name":"Verify snapshot images display","fullName":"tests.test_browse_page.TestBrowsePage#test_verify_snapshot_images","historyId":"e191febfb6a7f48d10c2484ed92f3bf7","time":{"start":1764865033777,"stop":1764865068967,"duration":35190},"description":"Test to verify that snapshot images are displayed for a vehicle","descriptionHtml":"<p>Test to verify that snapshot images are displayed for a vehicle</p>\n","status":"failed","statusMessage":"AssertionError: Failed to browse vehicle at index 2\nassert None is not None","statusTrace":"self = <test_browse_page.TestBrowsePage object at 0x0000015811D93170>, driver = <selenium.webdriver.chrome.webdriver.WebDriver (session=\"100d875f28304c7f907217e80919d36a\")>\n\n    @allure.title(\"Verify snapshot images display\")\n    @allure.description(\"Test to verify that snapshot images are displayed for a vehicle\")\n    @allure.severity(allure.severity_level.CRITICAL)\n    @pytest.mark.order(4)\n    def test_verify_snapshot_images(self, driver):\n        \"\"\"\n        Given user is on the vehicle browse page\n        When user browses a specific vehicle (index 2)\n        Then snapshot images should be displayed\n        And images should be visible\n        \"\"\"\n        with allure.step(\"Initialize Browse Page\"):\n            browse_page = BrowsePage(driver)\n    \n        with allure.step(\"Wait for page to load\"):\n            browse_page.wait_for_page_load()\n    \n        with allure.step(\"Browse vehicle at index 2\"):\n            vehicle_name = browse_page.browse_vehicle_by_index(2)\n            allure.attach(str(vehicle_name), name=\"Vehicle Name\", attachment_type=allure.attachment_type.TEXT)\n>           assert vehicle_name is not None, \"Failed to browse vehicle at index 2\"\nE           AssertionError: Failed to browse vehicle at index 2\nE           assert None is not None\n\ntests\\test_browse_page.py:100: AssertionError","flaky":false,"newFailed":false,"newBroken":false,"newPassed":false,"retriesCount":0,"retriesStatusChange":false,"beforeStages":[{"name":"sensitive_url","time":{"start":1764864817089,"stop":1764864817089,"duration":0},"status":"passed","steps":[],"attachments":[],"parameters":[],"attachmentsCount":0,"shouldDisplayMessage":false,"attachmentStep":false,"stepsCount":0,"hasContent":false},{"name":"_skip_sensitive","time":{"start":1764865033776,"stop":1764865033776,"duration":0},"status":"passed","steps":[],"attachments":[],"parameters":[],"attachmentsCount":0,"shouldDisplayMessage":false,"attachmentStep":false,"stepsCount":0,"hasContent":false},{"name":"caplog","time":{"start":1764865033776,"stop":1764865033776,"duration":0},"status":"passed","steps":[],"attachments":[],"parameters":[],"attachmentsCount":0,"shouldDisplayMessage":false,"attachmentStep":false,"stepsCount":0,"hasContent":false},{"name":"second_fixture","time":{"start":1764865033776,"stop":1764865033776,"duration":0},"status":"passed","steps":[],"attachments":[],"parameters":[],"attachmentsCount":0,"shouldDisplayMessage":false,"attachmentStep":false,"stepsCount":0,"hasContent":false}],"testStage":{"description":"Test to verify that snapshot images are displayed for a vehicle","status":"failed","statusMessage":"AssertionError: Failed to browse vehicle at index 2\nassert None is not None","statusTrace":"self = <test_browse_page.TestBrowsePage object at 0x0000015811D93170>, driver = <selenium.webdriver.chrome.webdriver.WebDriver (session=\"100d875f28304c7f907217e80919d36a\")>\n\n    @allure.title(\"Verify snapshot images display\")\n    @allure.description(\"Test to verify that snapshot images are displayed for a vehicle\")\n    @allure.severity(allure.severity_level.CRITICAL)\n    @pytest.mark.order(4)\n    def test_verify_snapshot_images(self, driver):\n        \"\"\"\n        Given user is on the vehicle browse page\n        When user browses a specific vehicle (index 2)\n        Then snapshot images should be displayed\n        And images should be visible\n        \"\"\"\n        with allure.step(\"Initialize Browse Page\"):\n            browse_page = BrowsePage(driver)\n    \n        with allure.step(\"Wait for page to load\"):\n            browse_page.wait_for_page_load()\n    \n        with allure.step(\"Browse vehicle at index 2\"):\n            vehicle_name = browse_page.browse_vehicle_by_index(2)\n            allure.attach(str(vehicle_name), name=\"Vehicle Name\", attachment_type=allure.attachment_type.TEXT)\n>           assert vehicle_name is not None, \"Failed to browse vehicle at index 2\"\nE           AssertionError: Failed to browse vehicle at index 2\nE           assert None is not None\n\ntests\\test_browse_page.py:100: AssertionError","steps":[{"name":"Initialize Browse Page","time":{"start":1764865033777,"stop":1764865033777,"duration":0},"status":"passed","steps":[],"attachments":[],"parameters":[],"attachmentsCount":0,"shouldDisplayMessage":false,"attachmentStep":false,"stepsCount":0,"hasContent":false},{"name":"Wait for page to load","time":{"start":1764865033777,"stop":1764865058901,"duration":25124},"status":"passed","steps":[],"attachments":[],"parameters":[],"attachmentsCount":0,"shouldDisplayMessage":false,"attachmentStep":false,"stepsCount":0,"hasContent":false},{"name":"Browse vehicle at index 2","time":{"start":1764865058901,"stop":1764865068967,"duration":10066},"status":"failed","statusMessage":"AssertionError: Failed to browse vehicle at index 2\nassert None is not None\n","statusTrace":"  File \"C:\\Users\\AnkushGurudath\\Downloads\\Video_Search_Automation\\tests\\test_browse_page.py\", line 100, in test_verify_snapshot_images\n    assert vehicle_name is not None, \"Failed to browse vehicle at index 2\"\n","steps":[],"attachments":[{"uid":"eed2ffd8d9d3b329","name":"Vehicle Name","source":"eed2ffd8d9d3b329.txt","type":"text/plain","size":4}],"parameters":[],"attachmentsCount":1,"shouldDisplayMessage":true,"attachmentStep":false,"stepsCount":0,"hasContent":true}],"attachments":[{"uid":"951471a13e4c0094","name":"stdout","source":"951471a13e4c0094.txt","type":"text/plain","size":89}],"parameters":[],"attachmentsCount":2,"shouldDisplayMessage":true,"attachmentStep":false,"stepsCount":3,"hasContent":true},"afterStages":[{"name":"caplog::0","time":{"start":1764865068972,"stop":1764865068972,"duration":0},"status":"passed","steps":[],"attachments":[],"parameters":[],"attachmentsCount":0,"shouldDisplayMessage":false,"attachmentStep":false,"stepsCount":0,"hasContent":false},{"name":"second_fixture::0","time":{"start":1764865068972,"stop":1764865068972,"duration":0},"status":"passed","steps":[],"attachments":[],"parameters":[],"attachmentsCount":0,"shouldDisplayMessage":false,"attachmentStep":false,"stepsCount":0,"hasContent":false}],"labels":[{"name":"story","value":"Browse Page Functionality"},{"name":"severity","value":"critical"},{"name":"feature","value":"Vehicle Browse"},{"name":"parentSuite","value":"tests"},{"name":"suite","value":"test_browse_page"},{"name":"subSuite","value":"TestBrowsePage"},{"name":"host","value":"GANKUSH-P14S"},{"name":"thread","value":"2892-MainThread"},{"name":"framework","value":"pytest"},{"name":"language","value":"cpython3"},{"name":"package","value":"tests.test_browse_page"},{"name":"resultFormat","value":"allure2"}],"parameters":[],"links":[],"hidden":true,"retry":true,"extra":{"categories":[],"tags":[]},"source":"9fd7fa9ae815e364.json","parameterValues":[]}