{"uid":"bb73c267e96b7ab","name":"test_delete_group_filter[Lab Test-5100ffff-60b6-d6cd-18b2-a8a3e03f0000]","fullName":"tests.test_LQ_15231.TestFilterClearing#test_delete_group_filter","historyId":"900944820b41f9b5c2cbba9de41454da","time":{"start":1767457536546,"stop":1767457536546,"duration":0},"description":"\n        @P2\n        Scenario: Delete the group filter\n        Given \"Video Reviewer Plus\" user is in VIDEO SEARCH\n        And the group is in group filter\n        And the vehicles in the group are filtered out\n        When the user clicks \"X\" button in group filter\n        Then the group filter is cleared\n        And the vehicle list is reset\n        And the vehicle count number is updated\n        ","descriptionHtml":"<pre><code>    @P2\n    Scenario: Delete the group filter\n    Given &quot;Video Reviewer Plus&quot; user is in VIDEO SEARCH\n    And the group is in group filter\n    And the vehicles in the group are filtered out\n    When the user clicks &quot;X&quot; button in group filter\n    Then the group filter is cleared\n    And the vehicle list is reset\n    And the vehicle count number is updated\n</code></pre>\n","status":"broken","statusMessage":"selenium.common.exceptions.NoSuchWindowException: Message: no such window: target window already closed\nfrom unknown error: web view not found\n  (Session info: chrome=143.0.7499.170)\nStacktrace:\nSymbols not available. Dumping unresolved backtrace:\n\t0x7ff6aebf88e5\n\t0x7ff6aebf8940\n\t0x7ff6ae9d165d\n\t0x7ff6ae9a91b1\n\t0x7ff6aea597e6\n\t0x7ff6aea7a5c2\n\t0x7ff6aea1ac29\n\t0x7ff6aea1ba93\n\t0x7ff6aef10640\n\t0x7ff6aef0af80\n\t0x7ff6aef296e6\n\t0x7ff6aec15de4\n\t0x7ff6aec1ed8c\n\t0x7ff6aec02004\n\t0x7ff6aec021b5\n\t0x7ff6aebe7ee2\n\t0x7ffb0945e8d7\n\t0x7ffb0a9ac53c","statusTrace":"pages\\login_page.py:39: in enter_username\n    self.find((By.ID, LG.username))\npages\\base_page.py:23: in find\n    return WebDriverWait(self.driver, 60).until(ec.presence_of_element_located(locator))\nC:\\Users\\AnkushGurudath\\AppData\\Local\\Programs\\Python\\Python312\\Lib\\site-packages\\selenium\\webdriver\\support\\wait.py:129: in until\n    value = method(self._driver)\nC:\\Users\\AnkushGurudath\\AppData\\Local\\Programs\\Python\\Python312\\Lib\\site-packages\\selenium\\webdriver\\support\\expected_conditions.py:104: in _predicate\n    return driver.find_element(*locator)\nC:\\Users\\AnkushGurudath\\AppData\\Local\\Programs\\Python\\Python312\\Lib\\site-packages\\selenium\\webdriver\\remote\\webdriver.py:926: in find_element\n    return self.execute(Command.FIND_ELEMENT, {\"using\": by, \"value\": value})[\"value\"]\nC:\\Users\\AnkushGurudath\\AppData\\Local\\Programs\\Python\\Python312\\Lib\\site-packages\\selenium\\webdriver\\remote\\webdriver.py:458: in execute\n    self.error_handler.check_response(response)\nC:\\Users\\AnkushGurudath\\AppData\\Local\\Programs\\Python\\Python312\\Lib\\site-packages\\selenium\\webdriver\\remote\\errorhandler.py:232: in check_response\n    raise exception_class(message, screen, stacktrace)\nE   selenium.common.exceptions.NoSuchWindowException: Message: no such window: target window already closed\nE   from unknown error: web view not found\nE     (Session info: chrome=143.0.7499.170)\nE   Stacktrace:\nE   Symbols not available. Dumping unresolved backtrace:\nE   \t0x7ff6aebf88e5\nE   \t0x7ff6aebf8940\nE   \t0x7ff6ae9d165d\nE   \t0x7ff6ae9a91b1\nE   \t0x7ff6aea597e6\nE   \t0x7ff6aea7a5c2\nE   \t0x7ff6aea1ac29\nE   \t0x7ff6aea1ba93\nE   \t0x7ff6aef10640\nE   \t0x7ff6aef0af80\nE   \t0x7ff6aef296e6\nE   \t0x7ff6aec15de4\nE   \t0x7ff6aec1ed8c\nE   \t0x7ff6aec02004\nE   \t0x7ff6aec021b5\nE   \t0x7ff6aebe7ee2\nE   \t0x7ffb0945e8d7\nE   \t0x7ffb0a9ac53c\n\nDuring handling of the above exception, another exception occurred:\nconftest.py:13: in driver\n    login_page.login(VideoSearchDataProd.login_username, VideoSearchDataProd.login_password)\npages\\login_page.py:20: in login\n    self.enter_username(username)\npages\\login_page.py:47: in enter_username\n    self.type((By.ID, LG.username), username)\npages\\base_page.py:52: in type\n    self.find(locator).send_keys(input_text)\npages\\base_page.py:23: in find\n    return WebDriverWait(self.driver, 60).until(ec.presence_of_element_located(locator))\nC:\\Users\\AnkushGurudath\\AppData\\Local\\Programs\\Python\\Python312\\Lib\\site-packages\\selenium\\webdriver\\support\\wait.py:129: in until\n    value = method(self._driver)\nC:\\Users\\AnkushGurudath\\AppData\\Local\\Programs\\Python\\Python312\\Lib\\site-packages\\selenium\\webdriver\\support\\expected_conditions.py:104: in _predicate\n    return driver.find_element(*locator)\nC:\\Users\\AnkushGurudath\\AppData\\Local\\Programs\\Python\\Python312\\Lib\\site-packages\\selenium\\webdriver\\remote\\webdriver.py:926: in find_element\n    return self.execute(Command.FIND_ELEMENT, {\"using\": by, \"value\": value})[\"value\"]\nC:\\Users\\AnkushGurudath\\AppData\\Local\\Programs\\Python\\Python312\\Lib\\site-packages\\selenium\\webdriver\\remote\\webdriver.py:458: in execute\n    self.error_handler.check_response(response)\nC:\\Users\\AnkushGurudath\\AppData\\Local\\Programs\\Python\\Python312\\Lib\\site-packages\\selenium\\webdriver\\remote\\errorhandler.py:232: in check_response\n    raise exception_class(message, screen, stacktrace)\nE   selenium.common.exceptions.NoSuchWindowException: Message: no such window: target window already closed\nE   from unknown error: web view not found\nE     (Session info: chrome=143.0.7499.170)\nE   Stacktrace:\nE   Symbols not available. Dumping unresolved backtrace:\nE   \t0x7ff6aebf88e5\nE   \t0x7ff6aebf8940\nE   \t0x7ff6ae9d165d\nE   \t0x7ff6ae9a91b1\nE   \t0x7ff6aea597e6\nE   \t0x7ff6aea7a5c2\nE   \t0x7ff6aea1ac29\nE   \t0x7ff6aea1ba93\nE   \t0x7ff6aef10640\nE   \t0x7ff6aef0af80\nE   \t0x7ff6aef296e6\nE   \t0x7ff6aec15de4\nE   \t0x7ff6aec1ed8c\nE   \t0x7ff6aec02004\nE   \t0x7ff6aec021b5\nE   \t0x7ff6aebe7ee2\nE   \t0x7ffb0945e8d7\nE   \t0x7ffb0a9ac53c","flaky":false,"newFailed":false,"newBroken":false,"newPassed":false,"retriesCount":0,"retriesStatusChange":false,"beforeStages":[{"name":"base_url","time":{"start":1767457536547,"stop":1767457536547,"duration":0},"status":"passed","steps":[],"attachments":[],"parameters":[],"attachmentsCount":0,"shouldDisplayMessage":false,"attachmentStep":false,"stepsCount":0,"hasContent":false},{"name":"_verify_url","time":{"start":1767457536548,"stop":1767457536548,"duration":0},"status":"passed","steps":[],"attachments":[],"parameters":[],"attachmentsCount":0,"shouldDisplayMessage":false,"attachmentStep":false,"stepsCount":0,"hasContent":false},{"name":"driver","time":{"start":1767457536548,"stop":1767457545692,"duration":9144},"status":"broken","statusMessage":"selenium.common.exceptions.NoSuchWindowException: Message: no such window: target window already closed\nfrom unknown error: web view not found\n  (Session info: chrome=143.0.7499.170)\nStacktrace:\nSymbols not available. Dumping unresolved backtrace:\n\t0x7ff6aebf88e5\n\t0x7ff6aebf8940\n\t0x7ff6ae9d165d\n\t0x7ff6ae9a91b1\n\t0x7ff6aea597e6\n\t0x7ff6aea7a5c2\n\t0x7ff6aea1ac29\n\t0x7ff6aea1ba93\n\t0x7ff6aef10640\n\t0x7ff6aef0af80\n\t0x7ff6aef296e6\n\t0x7ff6aec15de4\n\t0x7ff6aec1ed8c\n\t0x7ff6aec02004\n\t0x7ff6aec021b5\n\t0x7ff6aebe7ee2\n\t0x7ffb0945e8d7\n\t0x7ffb0a9ac53c\n\n","statusTrace":"  File \"C:\\Users\\AnkushGurudath\\AppData\\Local\\Programs\\Python\\Python312\\Lib\\site-packages\\pluggy\\_callers.py\", line 38, in run_old_style_hookwrapper\n    res = yield\n          ^^^^^\n  File \"C:\\Users\\AnkushGurudath\\AppData\\Local\\Programs\\Python\\Python312\\Lib\\site-packages\\pluggy\\_callers.py\", line 139, in _multicall\n    teardown.throw(exception)\n  File \"C:\\Users\\AnkushGurudath\\AppData\\Local\\Programs\\Python\\Python312\\Lib\\site-packages\\pluggy\\_callers.py\", line 53, in run_old_style_hookwrapper\n    return result.get_result()\n           ^^^^^^^^^^^^^^^^^^^\n  File \"C:\\Users\\AnkushGurudath\\AppData\\Local\\Programs\\Python\\Python312\\Lib\\site-packages\\pluggy\\_result.py\", line 103, in get_result\n    raise exc.with_traceback(tb)\n  File \"C:\\Users\\AnkushGurudath\\AppData\\Local\\Programs\\Python\\Python312\\Lib\\site-packages\\pluggy\\_callers.py\", line 38, in run_old_style_hookwrapper\n    res = yield\n          ^^^^^\n  File \"C:\\Users\\AnkushGurudath\\AppData\\Local\\Programs\\Python\\Python312\\Lib\\site-packages\\pluggy\\_callers.py\", line 139, in _multicall\n    teardown.throw(exception)\n  File \"C:\\Users\\AnkushGurudath\\AppData\\Local\\Programs\\Python\\Python312\\Lib\\site-packages\\pluggy\\_callers.py\", line 53, in run_old_style_hookwrapper\n    return result.get_result()\n           ^^^^^^^^^^^^^^^^^^^\n  File \"C:\\Users\\AnkushGurudath\\AppData\\Local\\Programs\\Python\\Python312\\Lib\\site-packages\\pluggy\\_result.py\", line 103, in get_result\n    raise exc.with_traceback(tb)\n  File \"C:\\Users\\AnkushGurudath\\AppData\\Local\\Programs\\Python\\Python312\\Lib\\site-packages\\pluggy\\_callers.py\", line 38, in run_old_style_hookwrapper\n    res = yield\n          ^^^^^\n  File \"C:\\Users\\AnkushGurudath\\AppData\\Local\\Programs\\Python\\Python312\\Lib\\site-packages\\pluggy\\_callers.py\", line 121, in _multicall\n    res = hook_impl.function(*args)\n          ^^^^^^^^^^^^^^^^^^^^^^^^^\n  File \"C:\\Users\\AnkushGurudath\\AppData\\Local\\Programs\\Python\\Python312\\Lib\\site-packages\\_pytest\\fixtures.py\", line 1123, in pytest_fixture_setup\n    result = call_fixture_func(fixturefunc, request, kwargs)\n             ^^^^^^^^^^^^^^^^^^^^^^^^^^^^^^^^^^^^^^^^^^^^^^^\n  File \"C:\\Users\\AnkushGurudath\\AppData\\Local\\Programs\\Python\\Python312\\Lib\\site-packages\\_pytest\\fixtures.py\", line 895, in call_fixture_func\n    fixture_result = next(generator)\n                     ^^^^^^^^^^^^^^^\n  File \"C:\\Work\\Automation\\VS_automation\\Video_Search_Automation\\conftest.py\", line 13, in driver\n    login_page.login(VideoSearchDataProd.login_username, VideoSearchDataProd.login_password)\n  File \"C:\\Work\\Automation\\VS_automation\\Video_Search_Automation\\pages\\login_page.py\", line 20, in login\n    self.enter_username(username)\n  File \"C:\\Work\\Automation\\VS_automation\\Video_Search_Automation\\pages\\login_page.py\", line 47, in enter_username\n    self.type((By.ID, LG.username), username)\n  File \"C:\\Work\\Automation\\VS_automation\\Video_Search_Automation\\pages\\base_page.py\", line 52, in type\n    self.find(locator).send_keys(input_text)\n    ^^^^^^^^^^^^^^^^^^\n  File \"C:\\Work\\Automation\\VS_automation\\Video_Search_Automation\\pages\\base_page.py\", line 23, in find\n    return WebDriverWait(self.driver, 60).until(ec.presence_of_element_located(locator))\n           ^^^^^^^^^^^^^^^^^^^^^^^^^^^^^^^^^^^^^^^^^^^^^^^^^^^^^^^^^^^^^^^^^^^^^^^^^^^^^\n  File \"C:\\Users\\AnkushGurudath\\AppData\\Local\\Programs\\Python\\Python312\\Lib\\site-packages\\selenium\\webdriver\\support\\wait.py\", line 129, in until\n    value = method(self._driver)\n            ^^^^^^^^^^^^^^^^^^^^\n  File \"C:\\Users\\AnkushGurudath\\AppData\\Local\\Programs\\Python\\Python312\\Lib\\site-packages\\selenium\\webdriver\\support\\expected_conditions.py\", line 104, in _predicate\n    return driver.find_element(*locator)\n           ^^^^^^^^^^^^^^^^^^^^^^^^^^^^^\n  File \"C:\\Users\\AnkushGurudath\\AppData\\Local\\Programs\\Python\\Python312\\Lib\\site-packages\\selenium\\webdriver\\remote\\webdriver.py\", line 926, in find_element\n    return self.execute(Command.FIND_ELEMENT, {\"using\": by, \"value\": value})[\"value\"]\n           ^^^^^^^^^^^^^^^^^^^^^^^^^^^^^^^^^^^^^^^^^^^^^^^^^^^^^^^^^^^^^^^^^\n  File \"C:\\Users\\AnkushGurudath\\AppData\\Local\\Programs\\Python\\Python312\\Lib\\site-packages\\selenium\\webdriver\\remote\\webdriver.py\", line 458, in execute\n    self.error_handler.check_response(response)\n  File \"C:\\Users\\AnkushGurudath\\AppData\\Local\\Programs\\Python\\Python312\\Lib\\site-packages\\selenium\\webdriver\\remote\\errorhandler.py\", line 232, in check_response\n    raise exception_class(message, screen, stacktrace)\n","steps":[],"attachments":[],"parameters":[],"attachmentsCount":0,"shouldDisplayMessage":true,"attachmentStep":false,"stepsCount":0,"hasContent":true}],"testStage":{"description":"\n        @P2\n        Scenario: Delete the group filter\n        Given \"Video Reviewer Plus\" user is in VIDEO SEARCH\n        And the group is in group filter\n        And the vehicles in the group are filtered out\n        When the user clicks \"X\" button in group filter\n        Then the group filter is cleared\n        And the vehicle list is reset\n        And the vehicle count number is updated\n        ","status":"broken","statusMessage":"selenium.common.exceptions.NoSuchWindowException: Message: no such window: target window already closed\nfrom unknown error: web view not found\n  (Session info: chrome=143.0.7499.170)\nStacktrace:\nSymbols not available. Dumping unresolved backtrace:\n\t0x7ff6aebf88e5\n\t0x7ff6aebf8940\n\t0x7ff6ae9d165d\n\t0x7ff6ae9a91b1\n\t0x7ff6aea597e6\n\t0x7ff6aea7a5c2\n\t0x7ff6aea1ac29\n\t0x7ff6aea1ba93\n\t0x7ff6aef10640\n\t0x7ff6aef0af80\n\t0x7ff6aef296e6\n\t0x7ff6aec15de4\n\t0x7ff6aec1ed8c\n\t0x7ff6aec02004\n\t0x7ff6aec021b5\n\t0x7ff6aebe7ee2\n\t0x7ffb0945e8d7\n\t0x7ffb0a9ac53c","statusTrace":"pages\\login_page.py:39: in enter_username\n    self.find((By.ID, LG.username))\npages\\base_page.py:23: in find\n    return WebDriverWait(self.driver, 60).until(ec.presence_of_element_located(locator))\nC:\\Users\\AnkushGurudath\\AppData\\Local\\Programs\\Python\\Python312\\Lib\\site-packages\\selenium\\webdriver\\support\\wait.py:129: in until\n    value = method(self._driver)\nC:\\Users\\AnkushGurudath\\AppData\\Local\\Programs\\Python\\Python312\\Lib\\site-packages\\selenium\\webdriver\\support\\expected_conditions.py:104: in _predicate\n    return driver.find_element(*locator)\nC:\\Users\\AnkushGurudath\\AppData\\Local\\Programs\\Python\\Python312\\Lib\\site-packages\\selenium\\webdriver\\remote\\webdriver.py:926: in find_element\n    return self.execute(Command.FIND_ELEMENT, {\"using\": by, \"value\": value})[\"value\"]\nC:\\Users\\AnkushGurudath\\AppData\\Local\\Programs\\Python\\Python312\\Lib\\site-packages\\selenium\\webdriver\\remote\\webdriver.py:458: in execute\n    self.error_handler.check_response(response)\nC:\\Users\\AnkushGurudath\\AppData\\Local\\Programs\\Python\\Python312\\Lib\\site-packages\\selenium\\webdriver\\remote\\errorhandler.py:232: in check_response\n    raise exception_class(message, screen, stacktrace)\nE   selenium.common.exceptions.NoSuchWindowException: Message: no such window: target window already closed\nE   from unknown error: web view not found\nE     (Session info: chrome=143.0.7499.170)\nE   Stacktrace:\nE   Symbols not available. Dumping unresolved backtrace:\nE   \t0x7ff6aebf88e5\nE   \t0x7ff6aebf8940\nE   \t0x7ff6ae9d165d\nE   \t0x7ff6ae9a91b1\nE   \t0x7ff6aea597e6\nE   \t0x7ff6aea7a5c2\nE   \t0x7ff6aea1ac29\nE   \t0x7ff6aea1ba93\nE   \t0x7ff6aef10640\nE   \t0x7ff6aef0af80\nE   \t0x7ff6aef296e6\nE   \t0x7ff6aec15de4\nE   \t0x7ff6aec1ed8c\nE   \t0x7ff6aec02004\nE   \t0x7ff6aec021b5\nE   \t0x7ff6aebe7ee2\nE   \t0x7ffb0945e8d7\nE   \t0x7ffb0a9ac53c\n\nDuring handling of the above exception, another exception occurred:\nconftest.py:13: in driver\n    login_page.login(VideoSearchDataProd.login_username, VideoSearchDataProd.login_password)\npages\\login_page.py:20: in login\n    self.enter_username(username)\npages\\login_page.py:47: in enter_username\n    self.type((By.ID, LG.username), username)\npages\\base_page.py:52: in type\n    self.find(locator).send_keys(input_text)\npages\\base_page.py:23: in find\n    return WebDriverWait(self.driver, 60).until(ec.presence_of_element_located(locator))\nC:\\Users\\AnkushGurudath\\AppData\\Local\\Programs\\Python\\Python312\\Lib\\site-packages\\selenium\\webdriver\\support\\wait.py:129: in until\n    value = method(self._driver)\nC:\\Users\\AnkushGurudath\\AppData\\Local\\Programs\\Python\\Python312\\Lib\\site-packages\\selenium\\webdriver\\support\\expected_conditions.py:104: in _predicate\n    return driver.find_element(*locator)\nC:\\Users\\AnkushGurudath\\AppData\\Local\\Programs\\Python\\Python312\\Lib\\site-packages\\selenium\\webdriver\\remote\\webdriver.py:926: in find_element\n    return self.execute(Command.FIND_ELEMENT, {\"using\": by, \"value\": value})[\"value\"]\nC:\\Users\\AnkushGurudath\\AppData\\Local\\Programs\\Python\\Python312\\Lib\\site-packages\\selenium\\webdriver\\remote\\webdriver.py:458: in execute\n    self.error_handler.check_response(response)\nC:\\Users\\AnkushGurudath\\AppData\\Local\\Programs\\Python\\Python312\\Lib\\site-packages\\selenium\\webdriver\\remote\\errorhandler.py:232: in check_response\n    raise exception_class(message, screen, stacktrace)\nE   selenium.common.exceptions.NoSuchWindowException: Message: no such window: target window already closed\nE   from unknown error: web view not found\nE     (Session info: chrome=143.0.7499.170)\nE   Stacktrace:\nE   Symbols not available. Dumping unresolved backtrace:\nE   \t0x7ff6aebf88e5\nE   \t0x7ff6aebf8940\nE   \t0x7ff6ae9d165d\nE   \t0x7ff6ae9a91b1\nE   \t0x7ff6aea597e6\nE   \t0x7ff6aea7a5c2\nE   \t0x7ff6aea1ac29\nE   \t0x7ff6aea1ba93\nE   \t0x7ff6aef10640\nE   \t0x7ff6aef0af80\nE   \t0x7ff6aef296e6\nE   \t0x7ff6aec15de4\nE   \t0x7ff6aec1ed8c\nE   \t0x7ff6aec02004\nE   \t0x7ff6aec021b5\nE   \t0x7ff6aebe7ee2\nE   \t0x7ffb0945e8d7\nE   \t0x7ffb0a9ac53c","steps":[],"attachments":[{"uid":"ee2bf5fb9a821ea","name":"log","source":"ee2bf5fb9a821ea.txt","type":"text/plain","size":8974},{"uid":"ff2776b941e76398","name":"stderr","source":"ff2776b941e76398.txt","type":"text/plain","size":364348}],"parameters":[],"attachmentsCount":2,"shouldDisplayMessage":true,"attachmentStep":false,"stepsCount":0,"hasContent":true},"afterStages":[],"labels":[{"name":"parentSuite","value":"tests"},{"name":"suite","value":"test_LQ_15231"},{"name":"subSuite","value":"TestFilterClearing"},{"name":"host","value":"GANKUSH-P14S"},{"name":"thread","value":"38420-MainThread"},{"name":"framework","value":"pytest"},{"name":"language","value":"cpython3"},{"name":"package","value":"tests.test_LQ_15231"},{"name":"resultFormat","value":"allure2"}],"parameters":[{"name":"group_id","value":"'5100ffff-60b6-d6cd-18b2-a8a3e03f0000'"},{"name":"group_name","value":"'Lab Test'"}],"links":[],"hidden":true,"retry":true,"extra":{"categories":[],"tags":[]},"source":"bb73c267e96b7ab.json","parameterValues":["'5100ffff-60b6-d6cd-18b2-a8a3e03f0000'","'Lab Test'"]}