{"uid":"bfdbc05ab85252e5","name":"Complete browse workflow","fullName":"tests.test_browse_page.TestBrowsePage#test_complete_browse_workflow","historyId":"a86811dc7575ed8f2718658b52c02787","time":{"start":1767863986229,"stop":1767864084218,"duration":97989},"description":"End-to-end test covering complete browse page workflow","descriptionHtml":"<p>End-to-end test covering complete browse page workflow</p>\n","status":"broken","statusMessage":"selenium.common.exceptions.TimeoutException: Message: \nStacktrace:\nSymbols not available. Dumping unresolved backtrace:\n\t0x7ff6013088d5\n\t0x7ff601308930\n\t0x7ff6010e165d\n\t0x7ff601139a33\n\t0x7ff601139d3c\n\t0x7ff60118df67\n\t0x7ff60118ac97\n\t0x7ff60112ac29\n\t0x7ff60112ba93\n\t0x7ff601620620\n\t0x7ff60161af60\n\t0x7ff6016396c6\n\t0x7ff601325dd4\n\t0x7ff60132ed7c\n\t0x7ff601311ff4\n\t0x7ff6013121a5\n\t0x7ff6012f7ed2\n\t0x7ffd7983e8d7\n\t0x7ffd7b84c53c","statusTrace":"tests\\test_browse_page.py:134: in test_complete_browse_workflow\n    vehicle_count = browse_page.get_vehicle_count_text()\npages\\browse_page.py:38: in get_vehicle_count_text\n    vehicle_count_element = self.find(self.VEHICLE_COUNT)\npages\\base_page.py:23: in find\n    return WebDriverWait(self.driver, 60).until(ec.presence_of_element_located(locator))\nC:\\Users\\AnkushGurudath\\AppData\\Local\\Programs\\Python\\Python312\\Lib\\site-packages\\selenium\\webdriver\\support\\wait.py:138: in until\n    raise TimeoutException(message, screen, stacktrace)\nE   selenium.common.exceptions.TimeoutException: Message: \nE   Stacktrace:\nE   Symbols not available. Dumping unresolved backtrace:\nE   \t0x7ff6013088d5\nE   \t0x7ff601308930\nE   \t0x7ff6010e165d\nE   \t0x7ff601139a33\nE   \t0x7ff601139d3c\nE   \t0x7ff60118df67\nE   \t0x7ff60118ac97\nE   \t0x7ff60112ac29\nE   \t0x7ff60112ba93\nE   \t0x7ff601620620\nE   \t0x7ff60161af60\nE   \t0x7ff6016396c6\nE   \t0x7ff601325dd4\nE   \t0x7ff60132ed7c\nE   \t0x7ff601311ff4\nE   \t0x7ff6013121a5\nE   \t0x7ff6012f7ed2\nE   \t0x7ffd7983e8d7\nE   \t0x7ffd7b84c53c","flaky":false,"newFailed":false,"newBroken":false,"newPassed":false,"retriesCount":6,"retriesStatusChange":true,"beforeStages":[{"name":"driver","time":{"start":1767863793215,"stop":1767863834007,"duration":40792},"status":"passed","steps":[],"attachments":[],"parameters":[],"attachmentsCount":0,"shouldDisplayMessage":false,"attachmentStep":false,"stepsCount":0,"hasContent":false},{"name":"base_url","time":{"start":1767863793215,"stop":1767863793215,"duration":0},"status":"passed","steps":[],"attachments":[],"parameters":[],"attachmentsCount":0,"shouldDisplayMessage":false,"attachmentStep":false,"stepsCount":0,"hasContent":false},{"name":"_verify_url","time":{"start":1767863793215,"stop":1767863793215,"duration":0},"status":"passed","steps":[],"attachments":[],"parameters":[],"attachmentsCount":0,"shouldDisplayMessage":false,"attachmentStep":false,"stepsCount":0,"hasContent":false},{"name":"sensitive_url","time":{"start":1767863834007,"stop":1767863834007,"duration":0},"status":"passed","steps":[],"attachments":[],"parameters":[],"attachmentsCount":0,"shouldDisplayMessage":false,"attachmentStep":false,"stepsCount":0,"hasContent":false},{"name":"caplog","time":{"start":1767863986229,"stop":1767863986229,"duration":0},"status":"passed","steps":[],"attachments":[],"parameters":[],"attachmentsCount":0,"shouldDisplayMessage":false,"attachmentStep":false,"stepsCount":0,"hasContent":false},{"name":"second_fixture","time":{"start":1767863986229,"stop":1767863986229,"duration":0},"status":"passed","steps":[],"attachments":[],"parameters":[],"attachmentsCount":0,"shouldDisplayMessage":false,"attachmentStep":false,"stepsCount":0,"hasContent":false},{"name":"_skip_sensitive","time":{"start":1767863986229,"stop":1767863986229,"duration":0},"status":"passed","steps":[],"attachments":[],"parameters":[],"attachmentsCount":0,"shouldDisplayMessage":false,"attachmentStep":false,"stepsCount":0,"hasContent":false}],"testStage":{"description":"End-to-end test covering complete browse page workflow","status":"broken","statusMessage":"selenium.common.exceptions.TimeoutException: Message: \nStacktrace:\nSymbols not available. Dumping unresolved backtrace:\n\t0x7ff6013088d5\n\t0x7ff601308930\n\t0x7ff6010e165d\n\t0x7ff601139a33\n\t0x7ff601139d3c\n\t0x7ff60118df67\n\t0x7ff60118ac97\n\t0x7ff60112ac29\n\t0x7ff60112ba93\n\t0x7ff601620620\n\t0x7ff60161af60\n\t0x7ff6016396c6\n\t0x7ff601325dd4\n\t0x7ff60132ed7c\n\t0x7ff601311ff4\n\t0x7ff6013121a5\n\t0x7ff6012f7ed2\n\t0x7ffd7983e8d7\n\t0x7ffd7b84c53c","statusTrace":"tests\\test_browse_page.py:134: in test_complete_browse_workflow\n    vehicle_count = browse_page.get_vehicle_count_text()\npages\\browse_page.py:38: in get_vehicle_count_text\n    vehicle_count_element = self.find(self.VEHICLE_COUNT)\npages\\base_page.py:23: in find\n    return WebDriverWait(self.driver, 60).until(ec.presence_of_element_located(locator))\nC:\\Users\\AnkushGurudath\\AppData\\Local\\Programs\\Python\\Python312\\Lib\\site-packages\\selenium\\webdriver\\support\\wait.py:138: in until\n    raise TimeoutException(message, screen, stacktrace)\nE   selenium.common.exceptions.TimeoutException: Message: \nE   Stacktrace:\nE   Symbols not available. Dumping unresolved backtrace:\nE   \t0x7ff6013088d5\nE   \t0x7ff601308930\nE   \t0x7ff6010e165d\nE   \t0x7ff601139a33\nE   \t0x7ff601139d3c\nE   \t0x7ff60118df67\nE   \t0x7ff60118ac97\nE   \t0x7ff60112ac29\nE   \t0x7ff60112ba93\nE   \t0x7ff601620620\nE   \t0x7ff60161af60\nE   \t0x7ff6016396c6\nE   \t0x7ff601325dd4\nE   \t0x7ff60132ed7c\nE   \t0x7ff601311ff4\nE   \t0x7ff6013121a5\nE   \t0x7ff6012f7ed2\nE   \t0x7ffd7983e8d7\nE   \t0x7ffd7b84c53c","steps":[{"name":"Step 1: Wait for page load and verify vehicle count","time":{"start":1767863986229,"stop":1767864084218,"duration":97989},"status":"broken","statusMessage":"selenium.common.exceptions.TimeoutException: Message: \nStacktrace:\nSymbols not available. Dumping unresolved backtrace:\n\t0x7ff6013088d5\n\t0x7ff601308930\n\t0x7ff6010e165d\n\t0x7ff601139a33\n\t0x7ff601139d3c\n\t0x7ff60118df67\n\t0x7ff60118ac97\n\t0x7ff60112ac29\n\t0x7ff60112ba93\n\t0x7ff601620620\n\t0x7ff60161af60\n\t0x7ff6016396c6\n\t0x7ff601325dd4\n\t0x7ff60132ed7c\n\t0x7ff601311ff4\n\t0x7ff6013121a5\n\t0x7ff6012f7ed2\n\t0x7ffd7983e8d7\n\t0x7ffd7b84c53c\n\n","statusTrace":"  File \"C:\\Work\\Automation\\VS_automation\\Video_Search_Automation\\tests\\test_browse_page.py\", line 134, in test_complete_browse_workflow\n    vehicle_count = browse_page.get_vehicle_count_text()\n                    ^^^^^^^^^^^^^^^^^^^^^^^^^^^^^^^^^^^^\n  File \"C:\\Work\\Automation\\VS_automation\\Video_Search_Automation\\pages\\browse_page.py\", line 38, in get_vehicle_count_text\n    vehicle_count_element = self.find(self.VEHICLE_COUNT)\n                            ^^^^^^^^^^^^^^^^^^^^^^^^^^^^^\n  File \"C:\\Work\\Automation\\VS_automation\\Video_Search_Automation\\pages\\base_page.py\", line 23, in find\n    return WebDriverWait(self.driver, 60).until(ec.presence_of_element_located(locator))\n           ^^^^^^^^^^^^^^^^^^^^^^^^^^^^^^^^^^^^^^^^^^^^^^^^^^^^^^^^^^^^^^^^^^^^^^^^^^^^^\n  File \"C:\\Users\\AnkushGurudath\\AppData\\Local\\Programs\\Python\\Python312\\Lib\\site-packages\\selenium\\webdriver\\support\\wait.py\", line 138, in until\n    raise TimeoutException(message, screen, stacktrace)\n","steps":[],"attachments":[],"parameters":[],"attachmentsCount":0,"shouldDisplayMessage":true,"attachmentStep":false,"stepsCount":0,"hasContent":true}],"attachments":[{"uid":"d042c87950e13979","name":"log","source":"d042c87950e13979.txt","type":"text/plain","size":14221},{"uid":"398748694bff4181","name":"stdout","source":"398748694bff4181.txt","type":"text/plain","size":59},{"uid":"3425d01280bf0e64","name":"stderr","source":"3425d01280bf0e64.txt","type":"text/plain","size":436044}],"parameters":[],"attachmentsCount":3,"shouldDisplayMessage":true,"attachmentStep":false,"stepsCount":1,"hasContent":true},"afterStages":[{"name":"second_fixture::0","time":{"start":1767864084440,"stop":1767864084440,"duration":0},"status":"passed","steps":[],"attachments":[],"parameters":[],"attachmentsCount":0,"shouldDisplayMessage":false,"attachmentStep":false,"stepsCount":0,"hasContent":false},{"name":"caplog::0","time":{"start":1767864084464,"stop":1767864084464,"duration":0},"status":"passed","steps":[],"attachments":[],"parameters":[],"attachmentsCount":0,"shouldDisplayMessage":false,"attachmentStep":false,"stepsCount":0,"hasContent":false},{"name":"driver::0","time":{"start":1767864084472,"stop":1767864086925,"duration":2453},"status":"passed","steps":[],"attachments":[],"parameters":[],"attachmentsCount":0,"shouldDisplayMessage":false,"attachmentStep":false,"stepsCount":0,"hasContent":false}],"labels":[{"name":"severity","value":"critical"},{"name":"story","value":"Browse Page Functionality"},{"name":"feature","value":"Vehicle Browse"},{"name":"parentSuite","value":"tests"},{"name":"suite","value":"test_browse_page"},{"name":"subSuite","value":"TestBrowsePage"},{"name":"host","value":"GANKUSH-P14S"},{"name":"thread","value":"22780-MainThread"},{"name":"framework","value":"pytest"},{"name":"language","value":"cpython3"},{"name":"package","value":"tests.test_browse_page"},{"name":"resultFormat","value":"allure2"}],"parameters":[],"links":[],"hidden":false,"retry":false,"extra":{"severity":"critical","retries":[{"uid":"60d1cc639fcd09b0","status":"passed","time":{"start":1767863666252,"stop":1767863727409,"duration":61157}},{"uid":"b33af289b45acd57","status":"passed","time":{"start":1767603187164,"stop":1767603248196,"duration":61032}},{"uid":"8623034ec72d867c","status":"passed","time":{"start":1767458647753,"stop":1767458710192,"duration":62439}},{"uid":"8ecc59d3b88fa59","status":"passed","time":{"start":1767458037652,"stop":1767458100798,"duration":63146}},{"uid":"b40d116183b9812b","status":"passed","time":{"start":1767072132155,"stop":1767072193621,"duration":61466}},{"uid":"9474752c7b5a616b","status":"broken","statusDetails":"selenium.common.exceptions.TimeoutException: Message: \nStacktrace:\nSymbols not available. Dumping unresolved backtrace:\n\t0x7ff7ada4a235\n\t0x7ff7ad7a2630\n\t0x7ff7ad5316dd\n\t0x7ff7ad58a27e\n\t0x7ff7ad58a58c\n\t0x7ff7ad5ded77\n\t0x7ff7ad5dbaba\n\t0x7ff7ad57b0ed\n\t0x7ff7ad57bf63\n\t0x7ff7ada75d60\n\t0x7ff7ada6fe8a\n\t0x7ff7ada91005\n\t0x7ff7ad7bd71e\n\t0x7ff7ad7c4e1f\n\t0x7ff7ad7ab7c4\n\t0x7ff7ad7ab97f\n\t0x7ff7ad7918e8\n\t0x7ffec495e8d7\n\t0x7ffec662c53c","time":{"start":1764865566567,"stop":1764865664457,"duration":97890}}],"categories":[{"name":"Test defects","matchedStatuses":[]}],"tags":[]},"source":"bfdbc05ab85252e5.json","parameterValues":[]}