{"uid":"e8fcf677faa9acb4","name":"Browse first vehicle","fullName":"tests.test_browse_page.TestBrowsePage#test_browse_first_vehicle","historyId":"801a17f0c7082952eb13bb86dc9f1fe4","time":{"start":1764864947688,"stop":1764864993348,"duration":45660},"description":"Test to browse the first vehicle and navigate back","descriptionHtml":"<p>Test to browse the first vehicle and navigate back</p>\n","status":"failed","statusMessage":"AssertionError: Failed to browse first vehicle\nassert False","statusTrace":"self = <test_browse_page.TestBrowsePage object at 0x0000015811D92D50>, driver = <selenium.webdriver.chrome.webdriver.WebDriver (session=\"100d875f28304c7f907217e80919d36a\")>\n\n    @allure.title(\"Browse first vehicle\")\n    @allure.description(\"Test to browse the first vehicle and navigate back\")\n    @allure.severity(allure.severity_level.NORMAL)\n    @pytest.mark.order(2)\n    def test_browse_first_vehicle(self, driver):\n        \"\"\"\n        Given user is on the vehicle browse page\n        When user clicks on the first browse vehicle\n        Then vehicle detail page should open\n        And user should be able to navigate back\n        \"\"\"\n        with allure.step(\"Initialize Browse Page\"):\n            browse_page = BrowsePage(driver)\n    \n        with allure.step(\"Wait for page to load\"):\n            browse_page.wait_for_page_load()\n    \n        with allure.step(\"Browse first vehicle\"):\n            result = browse_page.browse_first_vehicle()\n>           assert result, \"Failed to browse first vehicle\"\nE           AssertionError: Failed to browse first vehicle\nE           assert False\n\ntests\\test_browse_page.py:58: AssertionError","flaky":false,"newFailed":false,"newBroken":false,"newPassed":false,"retriesCount":0,"retriesStatusChange":false,"beforeStages":[{"name":"sensitive_url","time":{"start":1764864817089,"stop":1764864817089,"duration":0},"status":"passed","steps":[],"attachments":[],"parameters":[],"attachmentsCount":0,"shouldDisplayMessage":false,"attachmentStep":false,"stepsCount":0,"hasContent":false},{"name":"second_fixture","time":{"start":1764864947688,"stop":1764864947688,"duration":0},"status":"passed","steps":[],"attachments":[],"parameters":[],"attachmentsCount":0,"shouldDisplayMessage":false,"attachmentStep":false,"stepsCount":0,"hasContent":false},{"name":"caplog","time":{"start":1764864947688,"stop":1764864947688,"duration":0},"status":"passed","steps":[],"attachments":[],"parameters":[],"attachmentsCount":0,"shouldDisplayMessage":false,"attachmentStep":false,"stepsCount":0,"hasContent":false},{"name":"_skip_sensitive","time":{"start":1764864947688,"stop":1764864947688,"duration":0},"status":"passed","steps":[],"attachments":[],"parameters":[],"attachmentsCount":0,"shouldDisplayMessage":false,"attachmentStep":false,"stepsCount":0,"hasContent":false}],"testStage":{"description":"Test to browse the first vehicle and navigate back","status":"failed","statusMessage":"AssertionError: Failed to browse first vehicle\nassert False","statusTrace":"self = <test_browse_page.TestBrowsePage object at 0x0000015811D92D50>, driver = <selenium.webdriver.chrome.webdriver.WebDriver (session=\"100d875f28304c7f907217e80919d36a\")>\n\n    @allure.title(\"Browse first vehicle\")\n    @allure.description(\"Test to browse the first vehicle and navigate back\")\n    @allure.severity(allure.severity_level.NORMAL)\n    @pytest.mark.order(2)\n    def test_browse_first_vehicle(self, driver):\n        \"\"\"\n        Given user is on the vehicle browse page\n        When user clicks on the first browse vehicle\n        Then vehicle detail page should open\n        And user should be able to navigate back\n        \"\"\"\n        with allure.step(\"Initialize Browse Page\"):\n            browse_page = BrowsePage(driver)\n    \n        with allure.step(\"Wait for page to load\"):\n            browse_page.wait_for_page_load()\n    \n        with allure.step(\"Browse first vehicle\"):\n            result = browse_page.browse_first_vehicle()\n>           assert result, \"Failed to browse first vehicle\"\nE           AssertionError: Failed to browse first vehicle\nE           assert False\n\ntests\\test_browse_page.py:58: AssertionError","steps":[{"name":"Initialize Browse Page","time":{"start":1764864947688,"stop":1764864947688,"duration":0},"status":"passed","steps":[],"attachments":[],"parameters":[],"attachmentsCount":0,"shouldDisplayMessage":false,"attachmentStep":false,"stepsCount":0,"hasContent":false},{"name":"Wait for page to load","time":{"start":1764864947688,"stop":1764864972782,"duration":25094},"status":"passed","steps":[],"attachments":[],"parameters":[],"attachmentsCount":0,"shouldDisplayMessage":false,"attachmentStep":false,"stepsCount":0,"hasContent":false},{"name":"Browse first vehicle","time":{"start":1764864972782,"stop":1764864993348,"duration":20566},"status":"failed","statusMessage":"AssertionError: Failed to browse first vehicle\nassert False\n","statusTrace":"  File \"C:\\Users\\AnkushGurudath\\Downloads\\Video_Search_Automation\\tests\\test_browse_page.py\", line 58, in test_browse_first_vehicle\n    assert result, \"Failed to browse first vehicle\"\n","steps":[],"attachments":[],"parameters":[],"attachmentsCount":0,"shouldDisplayMessage":true,"attachmentStep":false,"stepsCount":0,"hasContent":true}],"attachments":[{"uid":"7940c568a4a1ed3","name":"stdout","source":"7940c568a4a1ed3.txt","type":"text/plain","size":123}],"parameters":[],"attachmentsCount":1,"shouldDisplayMessage":true,"attachmentStep":false,"stepsCount":3,"hasContent":true},"afterStages":[{"name":"second_fixture::0","time":{"start":1764864993354,"stop":1764864993354,"duration":0},"status":"passed","steps":[],"attachments":[],"parameters":[],"attachmentsCount":0,"shouldDisplayMessage":false,"attachmentStep":false,"stepsCount":0,"hasContent":false},{"name":"caplog::0","time":{"start":1764864993356,"stop":1764864993356,"duration":0},"status":"passed","steps":[],"attachments":[],"parameters":[],"attachmentsCount":0,"shouldDisplayMessage":false,"attachmentStep":false,"stepsCount":0,"hasContent":false}],"labels":[{"name":"story","value":"Browse Page Functionality"},{"name":"feature","value":"Vehicle Browse"},{"name":"severity","value":"normal"},{"name":"parentSuite","value":"tests"},{"name":"suite","value":"test_browse_page"},{"name":"subSuite","value":"TestBrowsePage"},{"name":"host","value":"GANKUSH-P14S"},{"name":"thread","value":"2892-MainThread"},{"name":"framework","value":"pytest"},{"name":"language","value":"cpython3"},{"name":"package","value":"tests.test_browse_page"},{"name":"resultFormat","value":"allure2"}],"parameters":[],"links":[],"hidden":true,"retry":true,"extra":{"categories":[],"tags":[]},"source":"e8fcf677faa9acb4.json","parameterValues":[]}